Practices and Examples/FloatingActionButtonBasic/Application/build/outputs/logs/manifest-merger-debug-report.txt
-- Merging decision tree log ---
manifest
ADDED from AndroidManifest.xml:18:1
	package
		ADDED from AndroidManifest.xml:19:5
	android:versionName
		ADDED from AndroidManifest.xml:21:5
	android:versionCode
		ADDED from AndroidManifest.xml:20:5
		INJECTED from AndroidManifest.xml:0:0
		INJECTED from AndroidManifest.xml:0:0
	xmlns:android
		ADDED from AndroidManifest.xml:18:11
application
ADDED from AndroidManifest.xml:23:5
MERGED from com.android.support:support-v4:23.1.0:22:5
MERGED from com.android.support:support-v13:23.1.0:22:5
MERGED from com.android.support:support-v4:23.1.0:22:5
MERGED from com.android.support:cardview-v7:23.1.0:22:5
	android:label
		ADDED from AndroidManifest.xml:24:9
	android:allowBackup
		ADDED from AndroidManifest.xml:23:18
	android:icon
		ADDED from AndroidManifest.xml:25:9
	android:theme
		ADDED from AndroidManifest.xml:26:9
activity#com.example.android.floatingactionbuttonbasic.MainActivity
ADDED from AndroidManifest.xml:28:9
	android:label
		ADDED from AndroidManifest.xml:29:19
	android:name
		ADDED from AndroidManifest.xml:28:19
intent-filter#android.intent.action.MAIN+android.intent.category.LAUNCHER
ADDED from AndroidManifest.xml:30:13
action#android.intent.action.MAIN
ADDED from AndroidManifest.xml:31:17
	android:name
		ADDED from AndroidManifest.xml:31:25
category#android.intent.category.LAUNCHER
ADDED from AndroidManifest.xml:32:17
	android:name
		ADDED from AndroidManifest.xml:32:27
uses-sdk
INJECTED from AndroidManifest.xml:0:0 reason: use-sdk injection requested
MERGED from com.android.support:support-v4:23.1.0:20:5
MERGED from com.android.support:support-v13:23.1.0:20:5
MERGED from com.android.support:support-v4:23.1.0:20:5
MERGED from com.android.support:cardview-v7:23.1.0:20:5
	android:targetSdkVersion
		INJECTED from AndroidManifest.xml:0:0
		INJECTED from AndroidManifest.xml:0:0
	android:minSdkVersion
		INJECTED from AndroidManifest.xml:0:0
		INJECTED from AndroidManifest.xml:0:0